app/build/outputs/logs/manifest-merger-debug-report.txt
-- Merging decision tree log ---
manifest
ADDED from src\main\AndroidManifest.xml:2:1-64:12
	package
		ADDED from src\main\AndroidManifest.xml:3:5-31
		INJECTED from src\main\AndroidManifest.xml
		INJECTED from src\main\AndroidManifest.xml
	android:versionName
		ADDED from src\main\AndroidManifest.xml:5:5-30
		INJECTED from src\main\AndroidManifest.xml
		INJECTED from src\main\AndroidManifest.xml
	android:versionCode
		ADDED from src\main\AndroidManifest.xml:4:5-28
		INJECTED from src\main\AndroidManifest.xml
		INJECTED from src\main\AndroidManifest.xml
	xmlns:android
		ADDED from src\main\AndroidManifest.xml:2:11-69
uses-sdk
ADDED from src\main\AndroidManifest.xml:6:5-8:37
MERGED from [com.android.support:design:23.3.0] AndroidManifest.xml:20:5-43
MERGED from [com.android.support:appcompat-v7:23.3.0] AndroidManifest.xml:21:5-23:78
MERGED from [com.android.support:support-vector-drawable:23.3.0] AndroidManifest.xml:5:5-43
MERGED from [com.android.support:support-v4:23.3.0] AndroidManifest.xml:20:5-43
MERGED from [com.android.support:animated-vector-drawable:23.3.0] AndroidManifest.xml:5:5-44
MERGED from [com.android.support:recyclerview-v7:23.3.0] AndroidManifest.xml:20:5-43
MERGED from [com.google.android.gms:play-services-maps:8.4.0] AndroidManifest.xml:26:5-42
MERGED from [com.google.android.gms:play-services-base:8.4.0] AndroidManifest.xml:18:5-42
MERGED from [com.google.android.gms:play-services-basement:8.4.0] AndroidManifest.xml:18:5-42
	tools:overrideLibrary
		ADDED from [com.android.support:appcompat-v7:23.3.0] AndroidManifest.xml:23:9-75
	android:targetSdkVersion
		ADDED from src\main\AndroidManifest.xml:8:5-34
		INJECTED from src\main\AndroidManifest.xml
		INJECTED from src\main\AndroidManifest.xml
	android:minSdkVersion
		ADDED from src\main\AndroidManifest.xml:7:5-31
		INJECTED from src\main\AndroidManifest.xml
		INJECTED from src\main\AndroidManifest.xml
uses-permission#android.permission.WRITE_EXTERNAL_STORAGE
ADDED from src\main\AndroidManifest.xml:9:5-80
	android:name
		ADDED from src\main\AndroidManifest.xml:9:22-78
uses-permission#android.permission.READ_EXTERNAL_STORAGE
ADDED from src\main\AndroidManifest.xml:10:5-79
	android:name
		ADDED from src\main\AndroidManifest.xml:10:22-77
uses-permission#android.permission.INTERNET
ADDED from src\main\AndroidManifest.xml:11:5-66
MERGED from [com.google.android.gms:play-services-maps:8.4.0] AndroidManifest.xml:21:5-66
	android:name
		ADDED from src\main\AndroidManifest.xml:11:22-64
uses-permission#android.permission.ACCESS_NETWORK_STATE
ADDED from src\main\AndroidManifest.xml:12:5-79
MERGED from [com.google.android.gms:play-services-maps:8.4.0] AndroidManifest.xml:20:5-78
	android:name
		ADDED from src\main\AndroidManifest.xml:12:22-76
uses-permission#android.permission.ACCESS_FINE_LOCATION
ADDED from src\main\AndroidManifest.xml:13:5-79
	android:name
		ADDED from src\main\AndroidManifest.xml:13:22-76
uses-permission#android.permission.ACCESS_COARSE_LOCATION
ADDED from src\main\AndroidManifest.xml:14:2-78
	android:name
		ADDED from src\main\AndroidManifest.xml:14:19-75
uses-permission#android.permission.DISABLE_KEYGUARD
ADDED from src\main\AndroidManifest.xml:15:5-74
	android:name
		ADDED from src\main\AndroidManifest.xml:15:22-72
uses-permission#android.permission.WRITE_SETTINGS
ADDED from src\main\AndroidManifest.xml:16:5-72
	android:name
		ADDED from src\main\AndroidManifest.xml:16:22-70
uses-permission#android.permission.WRITE_SECURE_SETTINGS
ADDED from src\main\AndroidManifest.xml:17:2-76
	android:name
		ADDED from src\main\AndroidManifest.xml:17:19-74
uses-permission#android.permission.CAMERA
ADDED from src\main\AndroidManifest.xml:18:2-61
	android:name
		ADDED from src\main\AndroidManifest.xml:18:19-59
application
ADDED from src\main\AndroidManifest.xml:20:2-62:19
MERGED from [com.android.support:design:23.3.0] AndroidManifest.xml:22:5-20
MERGED from [com.android.support:appcompat-v7:23.3.0] AndroidManifest.xml:25:5-20
MERGED from [com.android.support:support-vector-drawable:23.3.0] AndroidManifest.xml:7:5-20
MERGED from [com.android.support:support-v4:23.3.0] AndroidManifest.xml:22:5-20
MERGED from [com.android.support:animated-vector-drawable:23.3.0] AndroidManifest.xml:7:5-20
MERGED from [com.google.android.gms:play-services-maps:8.4.0] AndroidManifest.xml:27:5-20
MERGED from [com.google.android.gms:play-services-basement:8.4.0] AndroidManifest.xml:20:5-24:19
	android:label
		ADDED from src\main\AndroidManifest.xml:23:9-41
	android:allowBackup
		ADDED from src\main\AndroidManifest.xml:21:9-35
	android:icon
		ADDED from src\main\AndroidManifest.xml:22:9-45
	android:theme
		ADDED from src\main\AndroidManifest.xml:24:9-43
service#data.mirzapurdss.ServiceInstallApplication
ADDED from src\main\AndroidManifest.xml:25:9-62
	android:name
		ADDED from src\main\AndroidManifest.xml:25:18-59
meta-data#com.google.android.maps.v2.API_KEY
ADDED from src\main\AndroidManifest.xml:26:9-28:70
	android:value
		ADDED from src\main\AndroidManifest.xml:28:13-68
	android:name
		ADDED from src\main\AndroidManifest.xml:27:13-62
activity#data.mirzapurdss.LoginActivity
ADDED from src\main\AndroidManifest.xml:29:9-36:20
	android:label
		ADDED from src\main\AndroidManifest.xml:31:13-45
	android:name
		ADDED from src\main\AndroidManifest.xml:30:13-59
intent-filter#android.intent.action.MAIN+android.intent.category.LAUNCHER
ADDED from src\main\AndroidManifest.xml:32:13-35:29
action#android.intent.action.MAIN
ADDED from src\main\AndroidManifest.xml:33:17-69
	android:name
		ADDED from src\main\AndroidManifest.xml:33:25-66
category#android.intent.category.LAUNCHER
ADDED from src\main\AndroidManifest.xml:34:17-77
	android:name
		ADDED from src\main\AndroidManifest.xml:34:27-74
activity#data.mirzapurdss.BlockList
ADDED from src\main\AndroidManifest.xml:38:9-48
	android:name
		ADDED from src\main\AndroidManifest.xml:38:19-46
activity#data.mirzapurdss.HouseholdIndex
ADDED from src\main\AndroidManifest.xml:39:9-85
	android:label
		ADDED from src\main\AndroidManifest.xml:39:52-83
	android:name
		ADDED from src\main\AndroidManifest.xml:39:19-51
activity#data.mirzapurdss.MemberEvents
ADDED from src\main\AndroidManifest.xml:40:9-81
	android:label
		ADDED from src\main\AndroidManifest.xml:40:50-79
	android:name
		ADDED from src\main\AndroidManifest.xml:40:19-49
activity#data.mirzapurdss.Bari
ADDED from src\main\AndroidManifest.xml:41:9-43
	android:name
		ADDED from src\main\AndroidManifest.xml:41:19-41
activity#data.mirzapurdss.Events
ADDED from src\main\AndroidManifest.xml:42:9-45
	android:name
		ADDED from src\main\AndroidManifest.xml:42:19-43
activity#data.mirzapurdss.EventList
ADDED from src\main\AndroidManifest.xml:43:9-75
	android:label
		ADDED from src\main\AndroidManifest.xml:43:47-73
	android:name
		ADDED from src\main\AndroidManifest.xml:43:19-46
activity#data.mirzapurdss.ses
ADDED from src\main\AndroidManifest.xml:44:9-85
	android:label
		ADDED from src\main\AndroidManifest.xml:44:41-83
	android:name
		ADDED from src\main\AndroidManifest.xml:44:19-40
activity#data.mirzapurdss.reproductive_history
ADDED from src\main\AndroidManifest.xml:45:9-100
	android:label
		ADDED from src\main\AndroidManifest.xml:45:58-98
	android:name
		ADDED from src\main\AndroidManifest.xml:45:19-57
activity#data.mirzapurdss.SESPregHisMissingList
ADDED from src\main\AndroidManifest.xml:46:9-105
	android:label
		ADDED from src\main\AndroidManifest.xml:46:59-103
	android:name
		ADDED from src\main\AndroidManifest.xml:46:19-58
activity#data.mirzapurdss.Immunization
ADDED from src\main\AndroidManifest.xml:47:9-80
	android:label
		ADDED from src\main\AndroidManifest.xml:47:50-78
	android:name
		ADDED from src\main\AndroidManifest.xml:47:19-49
activity#data.mirzapurdss.Death
ADDED from src\main\AndroidManifest.xml:48:9-81
	android:label
		ADDED from src\main\AndroidManifest.xml:48:43-79
	android:name
		ADDED from src\main\AndroidManifest.xml:48:19-42
activity#data.mirzapurdss.GPSDialogActivity
ADDED from src\main\AndroidManifest.xml:50:9-52:73
	android:label
		ADDED from src\main\AndroidManifest.xml:51:13-45
	android:theme
		ADDED from src\main\AndroidManifest.xml:52:13-70
	android:name
		ADDED from src\main\AndroidManifest.xml:50:19-52
activity#map.IconGeneratorDemoActivity
ADDED from src\main\AndroidManifest.xml:53:9-54:47
	android:label
		ADDED from src\main\AndroidManifest.xml:54:13-45
	android:name
		ADDED from src\main\AndroidManifest.xml:53:19-63
uses-feature#0x00020000
ADDED from [com.google.android.gms:play-services-maps:8.4.0] AndroidManifest.xml:22:5-24:33
	android:glEsVersion
		ADDED from [com.google.android.gms:play-services-maps:8.4.0] AndroidManifest.xml:23:8-40
	android:required
		ADDED from [com.google.android.gms:play-services-maps:8.4.0] AndroidManifest.xml:24:8-31
meta-data#com.google.android.gms.version
ADDED from [com.google.android.gms:play-services-basement:8.4.0] AndroidManifest.xml:21:9-23:69
	android:value
		ADDED from [com.google.android.gms:play-services-basement:8.4.0] AndroidManifest.xml:23:13-66
	android:name
		ADDED from [com.google.android.gms:play-services-basement:8.4.0] AndroidManifest.xml:22:13-58